<?xml version="1.0" encoding="UTF-8"?>
<coverage generated="1545292752987" clover="3.2.0">
  <project timestamp="1545292752989" name="All files">
    <metrics statements="11" coveredstatements="3" conditionals="4" coveredconditionals="0" methods="6" coveredmethods="0" elements="21" coveredelements="3" complexity="0" loc="11" ncloc="11" packages="1" files="1" classes="1">
      <file name="bcrypt-controller.js" path="C:\devmountain\december\taste-ro\controllers\bcrypt-controller.js">
        <metrics statements="11" coveredstatements="3" conditionals="4" coveredconditionals="0" methods="6" coveredmethods="0"/>
        <line num="1" count="1" type="stmt"/>
        <line num="2" count="1" type="stmt"/>
        <line num="4" count="1" type="stmt"/>
        <line num="6" count="0" type="stmt"/>
        <line num="7" count="0" type="stmt"/>
        <line num="8" count="0" type="cond" truecount="0" falsecount="2"/>
        <line num="9" count="0" type="stmt"/>
        <line num="14" count="0" type="stmt"/>
        <line num="15" count="0" type="stmt"/>
        <line num="16" count="0" type="cond" truecount="0" falsecount="2"/>
        <line num="17" count="0" type="stmt"/>
      </file>
    </metrics>
  </project>
</coverage>
