{"C:\\devmountain\\december\\taste-ro\\controllers\\bcrypt-controller.js": {"path":"C:\\devmountain\\december\\taste-ro\\controllers\\bcrypt-controller.js","statementMap":{"0":{"start":{"line":1,"column":15},"end":{"line":1,"column":32}},"1":{"start":{"line":2,"column":19},"end":{"line":2,"column":21}},"2":{"start":{"line":4,"column":0},"end":{"line":21,"column":1}},"3":{"start":{"line":6,"column":2},"end":{"line":11,"column":4}},"4":{"start":{"line":7,"column":3},"end":{"line":10,"column":5}},"5":{"start":{"line":8,"column":4},"end":{"line":9,"column":19}},"6":{"start":{"line":8,"column":13},"end":{"line":8,"column":22}},"7":{"start":{"line":9,"column":9},"end":{"line":9,"column":19}},"8":{"start":{"line":14,"column":2},"end":{"line":19,"column":4}},"9":{"start":{"line":15,"column":3},"end":{"line":18,"column":5}},"10":{"start":{"line":16,"column":4},"end":{"line":17,"column":24}},"11":{"start":{"line":16,"column":13},"end":{"line":16,"column":22}},"12":{"start":{"line":17,"column":9},"end":{"line":17,"column":24}}},"fnMap":{"0":{"name":"(anonymous_0)","decl":{"start":{"line":5,"column":14},"end":{"line":5,"column":15}},"loc":{"start":{"line":5,"column":27},"end":{"line":12,"column":2}},"line":5},"1":{"name":"(anonymous_1)","decl":{"start":{"line":6,"column":21},"end":{"line":6,"column":22}},"loc":{"start":{"line":6,"column":35},"end":{"line":11,"column":3}},"line":6},"2":{"name":"(anonymous_2)","decl":{"start":{"line":7,"column":38},"end":{"line":7,"column":39}},"loc":{"start":{"line":7,"column":53},"end":{"line":10,"column":4}},"line":7},"3":{"name":"(anonymous_3)","decl":{"start":{"line":13,"column":10},"end":{"line":13,"column":11}},"loc":{"start":{"line":13,"column":31},"end":{"line":20,"column":2}},"line":13},"4":{"name":"(anonymous_4)","decl":{"start":{"line":14,"column":21},"end":{"line":14,"column":22}},"loc":{"start":{"line":14,"column":35},"end":{"line":19,"column":3}},"line":14},"5":{"name":"(anonymous_5)","decl":{"start":{"line":15,"column":35},"end":{"line":15,"column":36}},"loc":{"start":{"line":15,"column":55},"end":{"line":18,"column":4}},"line":15}},"branchMap":{"0":{"loc":{"start":{"line":8,"column":4},"end":{"line":9,"column":19}},"type":"if","locations":[{"start":{"line":8,"column":4},"end":{"line":9,"column":19}},{"start":{"line":8,"column":4},"end":{"line":9,"column":19}}],"line":8},"1":{"loc":{"start":{"line":16,"column":4},"end":{"line":17,"column":24}},"type":"if","locations":[{"start":{"line":16,"column":4},"end":{"line":17,"column":24}},{"start":{"line":16,"column":4},"end":{"line":17,"column":24}}],"line":16}},"s":{"0":1,"1":1,"2":1,"3":0,"4":0,"5":0,"6":0,"7":0,"8":0,"9":0,"10":0,"11":0,"12":0},"f":{"0":0,"1":0,"2":0,"3":0,"4":0,"5":0},"b":{"0":[0,0],"1":[0,0]},"_coverageSchema":"332fd63041d2c1bcb487cc26dd0d5f7d97098a6c","hash":"6cc133d2ddf0b74f010467eb4e9e8e1fdbebc877"}
}
